<?xml version="1.0" encoding="UTF-8" ?>
<testsuite tests="1" failures="0" name="tetris.domain.TetrisTest" time="0.187" errors="1" skipped="0">
  <properties>
[...]
</properties>
  <testcase classname="org.apache.maven.surefire.junit4.JUnit4Provider" name="tetris.domain.TetrisTest" time="0.187">
    <error message="Locale provider adapter &quot;CLDR&quot;cannot be instantiated." type="java.util.ServiceConfigurationError">java.util.ServiceConfigurationError: Locale provider adapter &quot;CLDR&quot;cannot be instantiated.
	at java.base/sun.util.locale.provider.LocaleProviderAdapter.forType(LocaleProviderAdapter.java:199)
	at java.base/sun.util.locale.provider.LocaleProviderAdapter.findAdapter(LocaleProviderAdapter.java:287)
	at java.base/sun.util.locale.provider.LocaleProviderAdapter.getAdapter(LocaleProviderAdapter.java:258)
	at java.base/java.text.DecimalFormatSymbols.getInstance(DecimalFormatSymbols.java:180)
	at java.base/java.util.Formatter.getZero(Formatter.java:2437)
	at java.base/java.util.Formatter.&lt;init&gt;(Formatter.java:1956)
	at java.base/java.util.Formatter.&lt;init&gt;(Formatter.java:1978)
	at java.base/java.lang.String.format(String.java:3292)
	at org.junit.runner.Description.formatDisplayName(Description.java:114)
	at org.junit.runner.Description.createTestDescription(Description.java:86)
	at org.junit.runners.BlockJUnit4ClassRunner.describeChild(BlockJUnit4ClassRunner.java:96)
	at org.junit.runners.BlockJUnit4ClassRunner.describeChild(BlockJUnit4ClassRunner.java:57)
	at org.junit.runners.ParentRunner.getDescription(ParentRunner.java:352)
	at org.junit.runners.ParentRunner.run(ParentRunner.java:359)
	at org.apache.maven.surefire.junit4.JUnit4Provider.execute(JUnit4Provider.java:252)
	at org.apache.maven.surefire.junit4.JUnit4Provider.executeTestSet(JUnit4Provider.java:141)
	at org.apache.maven.surefire.junit4.JUnit4Provider.invoke(JUnit4Provider.java:112)
	at java.base/jdk.internal.reflect.NativeMethodAccessorImpl.invoke0(Native Method)
	at java.base/jdk.internal.reflect.NativeMethodAccessorImpl.invoke(NativeMethodAccessorImpl.java:64)
	at java.base/jdk.internal.reflect.DelegatingMethodAccessorImpl.invoke(DelegatingMethodAccessorImpl.java:43)
	at java.base/java.lang.reflect.Method.invoke(Method.java:564)
	at org.apache.maven.surefire.util.ReflectionUtils.invokeMethodWithArray(ReflectionUtils.java:189)
	at org.apache.maven.surefire.booter.ProviderFactory$ProviderProxy.invoke(ProviderFactory.java:165)
	at org.apache.maven.surefire.booter.ProviderFactory.invokeProvider(ProviderFactory.java:85)
	at org.apache.maven.surefire.booter.ForkedBooter.runSuitesInProcess(ForkedBooter.java:115)
	at org.apache.maven.surefire.booter.ForkedBooter.main(ForkedBooter.java:75)
Caused by: java.lang.reflect.InvocationTargetException
	at java.base/jdk.internal.reflect.NativeConstructorAccessorImpl.newInstance0(Native Method)
	at java.base/jdk.internal.reflect.NativeConstructorAccessorImpl.newInstance(NativeConstructorAccessorImpl.java:64)
	at java.base/jdk.internal.reflect.DelegatingConstructorAccessorImpl.newInstance(DelegatingConstructorAccessorImpl.java:45)
	at java.base/java.lang.reflect.Constructor.newInstanceWithCaller(Constructor.java:500)
	at java.base/java.lang.reflect.Constructor.newInstance(Constructor.java:481)
	at java.base/sun.util.locale.provider.LocaleProviderAdapter.forType(LocaleProviderAdapter.java:188)
	... 25 more
Caused by: java.util.ServiceConfigurationError: sun.util.locale.provider.LocaleDataMetaInfo: Unable to load sun.util.resources.cldr.provider.CLDRLocaleDataMetaInfo
	at java.base/java.util.ServiceLoader.fail(ServiceLoader.java:584)
	at java.base/java.util.ServiceLoader.loadProvider(ServiceLoader.java:856)
	at java.base/java.util.ServiceLoader$ModuleServicesLookupIterator.hasNext(ServiceLoader.java:1078)
	at java.base/java.util.ServiceLoader$2.hasNext(ServiceLoader.java:1301)
	at java.base/java.util.ServiceLoader$3.hasNext(ServiceLoader.java:1386)
	at java.base/sun.util.cldr.CLDRLocaleProviderAdapter$1.run(CLDRLocaleProviderAdapter.java:89)
	at java.base/sun.util.cldr.CLDRLocaleProviderAdapter$1.run(CLDRLocaleProviderAdapter.java:86)
	at java.base/java.security.AccessController.doPrivileged(AccessController.java:554)
	at java.base/sun.util.cldr.CLDRLocaleProviderAdapter.&lt;init&gt;(CLDRLocaleProviderAdapter.java:86)
	... 31 more
Caused by: java.lang.LinkageError: loader &apos;platform&apos; attempted duplicate class definition for sun.util.resources.cldr.provider.CLDRLocaleDataMetaInfo. (sun.util.resources.cldr.provider.CLDRLocaleDataMetaInfo is in module jdk.localedata of loader &apos;platform&apos;)
	at java.base/java.lang.ClassLoader.defineClass2(Native Method)
	at java.base/java.lang.ClassLoader.defineClass(ClassLoader.java:1108)
	at java.base/java.security.SecureClassLoader.defineClass(SecureClassLoader.java:183)
	at java.base/jdk.internal.loader.BuiltinClassLoader.defineClass(BuiltinClassLoader.java:784)
	at java.base/jdk.internal.loader.BuiltinClassLoader.findClassInModuleOrNull(BuiltinClassLoader.java:705)
	at java.base/jdk.internal.loader.BuiltinClassLoader.findClass(BuiltinClassLoader.java:586)
	at java.base/java.lang.ClassLoader.loadClass(ClassLoader.java:634)
	at java.base/java.lang.Class.forName(Class.java:546)
	at java.base/java.util.ServiceLoader.loadProvider(ServiceLoader.java:854)
	... 38 more
Caused by: java.lang.reflect.InvocationTargetException
	at java.base/jdk.internal.reflect.NativeConstructorAccessorImpl.newInstance0(Native Method)
	at java.base/jdk.internal.reflect.NativeConstructorAccessorImpl.newInstance(NativeConstructorAccessorImpl.java:64)
	at java.base/jdk.internal.reflect.DelegatingConstructorAccessorImpl.newInstance(DelegatingConstructorAccessorImpl.java:45)
	at java.base/java.lang.reflect.Constructor.newInstanceWithCaller(Constructor.java:500)
	at java.base/java.lang.reflect.Constructor.newInstance(Constructor.java:481)
	at java.base/sun.util.locale.provider.LocaleProviderAdapter.forType(LocaleProviderAdapter.java:188)
	... 25 more
Caused by: java.util.ServiceConfigurationError: sun.util.locale.provider.LocaleDataMetaInfo: Unable to load sun.util.resources.cldr.provider.CLDRLocaleDataMetaInfo
	at java.base/java.util.ServiceLoader.fail(ServiceLoader.java:584)
	at java.base/java.util.ServiceLoader.loadProvider(ServiceLoader.java:856)
	at java.base/java.util.ServiceLoader$ModuleServicesLookupIterator.hasNext(ServiceLoader.java:1078)
	at java.base/java.util.ServiceLoader$2.hasNext(ServiceLoader.java:1301)
	at java.base/java.util.ServiceLoader$3.hasNext(ServiceLoader.java:1386)
	at java.base/sun.util.cldr.CLDRLocaleProviderAdapter$1.run(CLDRLocaleProviderAdapter.java:89)
	at java.base/sun.util.cldr.CLDRLocaleProviderAdapter$1.run(CLDRLocaleProviderAdapter.java:86)
	at java.base/java.security.AccessController.doPrivileged(AccessController.java:554)
	at java.base/sun.util.cldr.CLDRLocaleProviderAdapter.&lt;init&gt;(CLDRLocaleProviderAdapter.java:86)
	... 31 more
Caused by: java.lang.LinkageError: loader &apos;platform&apos; attempted duplicate class definition for sun.util.resources.cldr.provider.CLDRLocaleDataMetaInfo. (sun.util.resources.cldr.provider.CLDRLocaleDataMetaInfo is in module jdk.localedata of loader &apos;platform&apos;)
	at java.base/java.lang.ClassLoader.defineClass2(Native Method)
	at java.base/java.lang.ClassLoader.defineClass(ClassLoader.java:1108)
	at java.base/java.security.SecureClassLoader.defineClass(SecureClassLoader.java:183)
	at java.base/jdk.internal.loader.BuiltinClassLoader.defineClass(BuiltinClassLoader.java:784)
	at java.base/jdk.internal.loader.BuiltinClassLoader.findClassInModuleOrNull(BuiltinClassLoader.java:705)
	at java.base/jdk.internal.loader.BuiltinClassLoader.findClass(BuiltinClassLoader.java:586)
	at java.base/java.lang.ClassLoader.loadClass(ClassLoader.java:634)
	at java.base/java.lang.Class.forName(Class.java:546)
	at java.base/java.util.ServiceLoader.loadProvider(ServiceLoader.java:854)
	... 38 more
</error>
    <system-err>java.lang.instrument.IllegalClassFormatException: Error while instrumenting sun/util/resources/cldr/provider/CLDRLocaleDataMetaInfo.
	at org.jacoco.agent.rt.internal_1f1cc91.CoverageTransformer.transform(CoverageTransformer.java:93)
	at java.instrument/java.lang.instrument.ClassFileTransformer.transform(ClassFileTransformer.java:246)
	at java.instrument/sun.instrument.TransformerManager.transform(TransformerManager.java:188)
	at java.instrument/sun.instrument.InstrumentationImpl.transform(InstrumentationImpl.java:563)
	at java.base/java.lang.ClassLoader.defineClass2(Native Method)
	at java.base/java.lang.ClassLoader.defineClass(ClassLoader.java:1108)
	at java.base/java.security.SecureClassLoader.defineClass(SecureClassLoader.java:183)
	at java.base/jdk.internal.loader.BuiltinClassLoader.defineClass(BuiltinClassLoader.java:784)
	at java.base/jdk.internal.loader.BuiltinClassLoader.findClassInModuleOrNull(BuiltinClassLoader.java:705)
	at java.base/jdk.internal.loader.BuiltinClassLoader.findClass(BuiltinClassLoader.java:586)
	at java.base/java.lang.ClassLoader.loadClass(ClassLoader.java:634)
	at java.base/java.lang.Class.forName(Class.java:546)
	at java.base/java.util.ServiceLoader.loadProvider(ServiceLoader.java:854)
	at java.base/java.util.ServiceLoader$ModuleServicesLookupIterator.hasNext(ServiceLoader.java:1078)
	at java.base/java.util.ServiceLoader$2.hasNext(ServiceLoader.java:1301)
	at java.base/java.util.ServiceLoader$3.hasNext(ServiceLoader.java:1386)
	at java.base/sun.util.cldr.CLDRLocaleProviderAdapter$1.run(CLDRLocaleProviderAdapter.java:89)
	at java.base/sun.util.cldr.CLDRLocaleProviderAdapter$1.run(CLDRLocaleProviderAdapter.java:86)
	at java.base/java.security.AccessController.doPrivileged(AccessController.java:554)
	at java.base/sun.util.cldr.CLDRLocaleProviderAdapter.&lt;init&gt;(CLDRLocaleProviderAdapter.java:86)
	at java.base/jdk.internal.reflect.NativeConstructorAccessorImpl.newInstance0(Native Method)
	at java.base/jdk.internal.reflect.NativeConstructorAccessorImpl.newInstance(NativeConstructorAccessorImpl.java:64)
	at java.base/jdk.internal.reflect.DelegatingConstructorAccessorImpl.newInstance(DelegatingConstructorAccessorImpl.java:45)
	at java.base/java.lang.reflect.Constructor.newInstanceWithCaller(Constructor.java:500)
	at java.base/java.lang.reflect.Constructor.newInstance(Constructor.java:481)
	at java.base/sun.util.locale.provider.LocaleProviderAdapter.forType(LocaleProviderAdapter.java:188)
	at java.base/sun.util.locale.provider.LocaleProviderAdapter.findAdapter(LocaleProviderAdapter.java:287)
	at java.base/sun.util.locale.provider.LocaleProviderAdapter.getAdapter(LocaleProviderAdapter.java:258)
	at java.base/java.text.DecimalFormatSymbols.getInstance(DecimalFormatSymbols.java:180)
	at java.base/java.util.Formatter.getZero(Formatter.java:2437)
	at java.base/java.util.Formatter.&lt;init&gt;(Formatter.java:1956)
	at java.base/java.util.Formatter.&lt;init&gt;(Formatter.java:1978)
	at java.base/java.lang.String.format(String.java:3292)
	at org.junit.runner.Description.formatDisplayName(Description.java:114)
	at org.junit.runner.Description.createTestDescription(Description.java:86)
	at org.junit.runners.BlockJUnit4ClassRunner.describeChild(BlockJUnit4ClassRunner.java:96)
	at org.junit.runners.BlockJUnit4ClassRunner.describeChild(BlockJUnit4ClassRunner.java:57)
	at org.junit.runners.ParentRunner.getDescription(ParentRunner.java:352)
	at org.junit.runners.ParentRunner.run(ParentRunner.java:359)
	at org.apache.maven.surefire.junit4.JUnit4Provider.execute(JUnit4Provider.java:252)
	at org.apache.maven.surefire.junit4.JUnit4Provider.executeTestSet(JUnit4Provider.java:141)
	at org.apache.maven.surefire.junit4.JUnit4Provider.invoke(JUnit4Provider.java:112)
	at java.base/jdk.internal.reflect.NativeMethodAccessorImpl.invoke0(Native Method)
	at java.base/jdk.internal.reflect.NativeMethodAccessorImpl.invoke(NativeMethodAccessorImpl.java:64)
	at java.base/jdk.internal.reflect.DelegatingMethodAccessorImpl.invoke(DelegatingMethodAccessorImpl.java:43)
	at java.base/java.lang.reflect.Method.invoke(Method.java:564)
	at org.apache.maven.surefire.util.ReflectionUtils.invokeMethodWithArray(ReflectionUtils.java:189)
	at org.apache.maven.surefire.booter.ProviderFactory$ProviderProxy.invoke(ProviderFactory.java:165)
	at org.apache.maven.surefire.booter.ProviderFactory.invokeProvider(ProviderFactory.java:85)
	at org.apache.maven.surefire.booter.ForkedBooter.runSuitesInProcess(ForkedBooter.java:115)
	at org.apache.maven.surefire.booter.ForkedBooter.main(ForkedBooter.java:75)
Caused by: java.io.IOException: Error while instrumenting sun/util/resources/cldr/provider/CLDRLocaleDataMetaInfo.
	at org.jacoco.agent.rt.internal_1f1cc91.core.instr.Instrumenter.instrumentError(Instrumenter.java:170)
	at org.jacoco.agent.rt.internal_1f1cc91.core.instr.Instrumenter.instrument(Instrumenter.java:120)
	at org.jacoco.agent.rt.internal_1f1cc91.CoverageTransformer.transform(CoverageTransformer.java:91)
	... 50 more
Caused by: java.lang.IllegalArgumentException: Unsupported class file major version 59
	at org.jacoco.agent.rt.internal_1f1cc91.asm.ClassReader.&lt;init&gt;(ClassReader.java:184)
	at org.jacoco.agent.rt.internal_1f1cc91.asm.ClassReader.&lt;init&gt;(ClassReader.java:166)
	at org.jacoco.agent.rt.internal_1f1cc91.asm.ClassReader.&lt;init&gt;(ClassReader.java:152)
	at org.jacoco.agent.rt.internal_1f1cc91.core.internal.instr.InstrSupport.classReaderFor(InstrSupport.java:247)
	at org.jacoco.agent.rt.internal_1f1cc91.core.instr.Instrumenter.instrument(Instrumenter.java:86)
	at org.jacoco.agent.rt.internal_1f1cc91.core.instr.Instrumenter.instrument(Instrumenter.java:118)
	... 51 more
</system-err>
  </testcase>
</testsuite>